<?xml version="1.0" encoding="UTF-8"?>
<testng-results ignored="0" total="1" passed="1" failed="0" skipped="0">
  <reporter-output>
  </reporter-output>
  <suite started-at="2021-12-28T23:09:55 BDT" name="Default suite" finished-at="2021-12-28T23:11:11 BDT" duration-ms="76527">
    <groups>
    </groups>
    <test started-at="2021-12-28T23:09:55 BDT" name="Default test" finished-at="2021-12-28T23:11:11 BDT" duration-ms="76527">
      <class name="tests.amazonTest">
        <test-method is-config="true" signature="start()[pri:0, instance:tests.amazonTest@26844abb]" started-at="2021-12-28T23:09:55 BDT" name="start" finished-at="2021-12-28T23:10:13 BDT" duration-ms="18807" status="PASS">
          <reporter-output>
          </reporter-output>
        </test-method> <!-- start -->
        <test-method signature="amazontest()[pri:0, instance:tests.amazonTest@26844abb]" started-at="2021-12-28T23:10:13 BDT" name="amazontest" finished-at="2021-12-28T23:11:11 BDT" duration-ms="57627" status="PASS">
          <reporter-output>
          </reporter-output>
        </test-method> <!-- amazontest -->
      </class> <!-- tests.amazonTest -->
    </test> <!-- Default test -->
  </suite> <!-- Default suite -->
</testng-results>
